
> checq@0.1.0 dev
> next dev

- [32mready[39m started server on [::]:3000, url: http://localhost:3000
- [35mevent[39m compiled client and server successfully in 431 ms (20 modules)
- [36mwait[39m compiling...
- [35mevent[39m compiled client and server successfully in 210 ms (20 modules)
(node:3620552) ExperimentalWarning: The Fetch API is an experimental feature. This feature could change at any time
(Use `node --trace-warnings ...` to show where the warning was created)
(node:3620565) ExperimentalWarning: The Fetch API is an experimental feature. This feature could change at any time
(Use `node --trace-warnings ...` to show where the warning was created)
- [36mwait[39m compiling /page (client and server)...
- [35mevent[39m compiled client and server successfully in 3.5s (541 modules)
- [36mwait[39m compiling...
- [35mevent[39m compiled successfully in 363 ms (300 modules)
(node:3620571) ExperimentalWarning: The Fetch API is an experimental feature. This feature could change at any time
(Use `node --trace-warnings ...` to show where the warning was created)
- [36mwait[39m compiling /favicon.ico/route (client and server)...
- [35mevent[39m compiled client and server successfully in 1204 ms (596 modules)
- [36mwait[39m compiling /(UrlAnalysis)/url/page (client and server)...
- [35mevent[39m compiled client and server successfully in 1091 ms (715 modules)
- [36mwait[39m compiling /(CodeAnalysis)/code/page (client and server)...
- [35mevent[39m compiled client and server successfully in 1582 ms (913 modules)
- [36mwait[39m compiling /(UrlAnalysis)/url/results/page (client and server)...
- [35mevent[39m compiled client and server successfully in 515 ms (933 modules)
mappedResults []
- [31merror[39m components/CipherTable.tsx (10:22) @ map
- [31merror[39m TypeError: Cannot read properties of undefined (reading 'map')
    at CipherTable (./components/CipherTable.tsx:16:25)
[0m [90m  8 | [39m  [36mconst[39m cipher [33m=[39m result[33m.[39mciphers  [0m
[0m [90m  9 | [39m  [90m// const data = cipher.map(({ tlsver, cipher, strength }) => [tlsver, cipher, strength]);[39m[0m
[0m[31m[1m>[22m[39m[90m 10 | [39m  [36mconst[39m data [33m=[39m cipher[33m.[39mmap(({ tlsver[33m,[39m cipher[33m,[39m strength }) [33m=>[39m [tlsver[33m,[39m cipher[33m,[39m strength [33m===[39m [32m"Strong"[39m [33m?[39m [32m"Recommended"[39m [33m:[39m strength])[33m;[39m[0m
[0m [90m    | [39m                     [31m[1m^[22m[39m[0m
[0m [90m 11 | [39m  data[33m.[39munshift([[32m"TLS Version"[39m[33m,[39m [32m"Cipher Suite"[39m[33m,[39m [32m"Strength"[39m])[33m;[39m[0m
[0m [90m 12 | [39m  console[33m.[39mlog([32m'table'[39m[33m,[39mdata)[0m
[0m [90m 13 | [39m    [0m
- [36mwait[39m compiling /_error (client and server)...
- [35mevent[39m compiled client and server successfully in 1113 ms (1071 modules)
- [33mwarn[39m Fast Refresh had to perform a full reload due to a runtime error.
mappedResults []
- [31merror[39m components/CipherTable.tsx (10:22) @ map
- [31merror[39m TypeError: Cannot read properties of undefined (reading 'map')
    at CipherTable (./components/CipherTable.tsx:16:25)
[0m [90m  8 | [39m  [36mconst[39m cipher [33m=[39m result[33m.[39mciphers  [0m
[0m [90m  9 | [39m  [90m// const data = cipher.map(({ tlsver, cipher, strength }) => [tlsver, cipher, strength]);[39m[0m
[0m[31m[1m>[22m[39m[90m 10 | [39m  [36mconst[39m data [33m=[39m cipher[33m.[39mmap(({ tlsver[33m,[39m cipher[33m,[39m strength }) [33m=>[39m [tlsver[33m,[39m cipher[33m,[39m strength [33m===[39m [32m"Strong"[39m [33m?[39m [32m"Recommended"[39m [33m:[39m strength])[33m;[39m[0m
[0m [90m    | [39m                     [31m[1m^[22m[39m[0m
[0m [90m 11 | [39m  data[33m.[39munshift([[32m"TLS Version"[39m[33m,[39m [32m"Cipher Suite"[39m[33m,[39m [32m"Strength"[39m])[33m;[39m[0m
[0m [90m 12 | [39m  console[33m.[39mlog([32m'table'[39m[33m,[39mdata)[0m
[0m [90m 13 | [39m    [0m
mappedResults []
- [31merror[39m components/CipherTable.tsx (10:22) @ map
- [31merror[39m TypeError: Cannot read properties of undefined (reading 'map')
    at CipherTable (./components/CipherTable.tsx:16:25)
[0m [90m  8 | [39m  [36mconst[39m cipher [33m=[39m result[33m.[39mciphers  [0m
[0m [90m  9 | [39m  [90m// const data = cipher.map(({ tlsver, cipher, strength }) => [tlsver, cipher, strength]);[39m[0m
[0m[31m[1m>[22m[39m[90m 10 | [39m  [36mconst[39m data [33m=[39m cipher[33m.[39mmap(({ tlsver[33m,[39m cipher[33m,[39m strength }) [33m=>[39m [tlsver[33m,[39m cipher[33m,[39m strength [33m===[39m [32m"Strong"[39m [33m?[39m [32m"Recommended"[39m [33m:[39m strength])[33m;[39m[0m
[0m [90m    | [39m                     [31m[1m^[22m[39m[0m
[0m [90m 11 | [39m  data[33m.[39munshift([[32m"TLS Version"[39m[33m,[39m [32m"Cipher Suite"[39m[33m,[39m [32m"Strength"[39m])[33m;[39m[0m
[0m [90m 12 | [39m  console[33m.[39mlog([32m'table'[39m[33m,[39mdata)[0m
[0m [90m 13 | [39m    [0m
